Build started 23.05.2018 18:11:37.
     1>Project "C:\Users\Ярослав Бабичев\documents\visual studio 2012\Projects\laba\laba\laba.vcxproj" on node 2 (Build target(s)).
     1>Link:
         C:\Program Files (x86)\Microsoft Visual Studio 11.0\VC\bin\link.exe /ERRORREPORT:PROMPT /OUT:"C:\Users\Ярослав Бабичев\documents\visual studio 2012\Projects\laba\Debug\laba.exe" /INCREMENTAL /NOLOGO kernel32.lib user32.lib gdi32.lib winspool.lib comdlg32.lib advapi32.lib shell32.lib ole32.lib oleaut32.lib uuid.lib odbc32.lib odbccp32.lib /MANIFEST /MANIFESTUAC:"level='asInvoker' uiAccess='false'" /manifest:embed /DEBUG /PDB:"C:\Users\Ярослав Бабичев\documents\visual studio 2012\Projects\laba\Debug\laba.pdb" /SUBSYSTEM:CONSOLE /TLBID:1 /DYNAMICBASE /NXCOMPAT /IMPLIB:"C:\Users\Ярослав Бабичев\documents\visual studio 2012\Projects\laba\Debug\laba.lib" /MACHINE:X86 Debug\date.obj
         Debug\main.obj
         Debug\temperature.obj
     1>main.obj : error LNK2019: unresolved external symbol "public: void __thiscall temperature::show(void)" (?show@temperature@@QAEXXZ) referenced in function _main
     1>C:\Users\Ярослав Бабичев\documents\visual studio 2012\Projects\laba\Debug\laba.exe : fatal error LNK1120: 1 unresolved externals
     1>Done Building Project "C:\Users\Ярослав Бабичев\documents\visual studio 2012\Projects\laba\laba\laba.vcxproj" (Build target(s)) -- FAILED.

Build FAILED.

Time Elapsed 00:00:01.18
